mode: count
github.com/jpedro/tables/internal.go:18.36,21.22 2 3
github.com/jpedro/tables/internal.go:21.22,23.21 2 6
github.com/jpedro/tables/internal.go:23.21,25.4 1 3
github.com/jpedro/tables/internal.go:28.2,28.14 1 3
github.com/jpedro/tables/internal.go:31.52,38.24 4 3
github.com/jpedro/tables/internal.go:38.24,40.3 1 6
github.com/jpedro/tables/internal.go:42.2,42.27 1 3
github.com/jpedro/tables/internal.go:42.27,43.27 1 6
github.com/jpedro/tables/internal.go:43.27,52.26 5 12
github.com/jpedro/tables/internal.go:52.26,54.5 1 6
github.com/jpedro/tables/internal.go:56.4,56.14 1 12
github.com/jpedro/tables/internal.go:56.14,58.13 1 6
github.com/jpedro/tables/internal.go:61.4,61.30 1 6
github.com/jpedro/tables/internal.go:61.30,63.13 1 0
github.com/jpedro/tables/internal.go:66.4,66.21 1 6
github.com/jpedro/tables/internal.go:71.2,73.24 3 3
github.com/jpedro/tables/internal.go:73.24,75.29 2 6
github.com/jpedro/tables/internal.go:75.29,77.4 1 5
github.com/jpedro/tables/internal.go:78.3,78.65 1 6
github.com/jpedro/tables/internal.go:81.2,88.32 2 3
github.com/jpedro/tables/internal.go:91.42,93.29 2 12
github.com/jpedro/tables/internal.go:93.29,95.3 1 12
github.com/jpedro/tables/internal.go:96.2,98.46 2 0
github.com/jpedro/tables/internal.go:98.46,100.3 1 0
github.com/jpedro/tables/internal.go:101.2,101.15 1 0
github.com/jpedro/tables/internal.go:104.36,105.37 1 24
github.com/jpedro/tables/internal.go:105.37,107.3 1 24
github.com/jpedro/tables/internal.go:109.2,110.12 2 0
github.com/jpedro/tables/internal.go:142.43,143.25 1 36
github.com/jpedro/tables/internal.go:145.39,150.42 1 0
github.com/jpedro/tables/internal.go:152.24,153.42 1 0
github.com/jpedro/tables/internal.go:155.14,157.17 2 36
github.com/jpedro/tables/internal.go:157.17,159.4 1 3
github.com/jpedro/tables/internal.go:161.3,162.17 2 33
github.com/jpedro/tables/internal.go:162.17,164.4 1 0
github.com/jpedro/tables/internal.go:167.2,167.42 1 33
github.com/jpedro/tables/tables.go:11.19,13.2 1 0
github.com/jpedro/tables/tables.go:15.37,17.2 1 0
github.com/jpedro/tables/tables.go:19.26,21.2 1 0
github.com/jpedro/tables/tables.go:24.26,26.2 1 1
github.com/jpedro/tables/tables.go:29.34,34.22 5 3
github.com/jpedro/tables/tables.go:34.22,38.22 4 6
github.com/jpedro/tables/tables.go:38.22,42.4 3 12
github.com/jpedro/tables/tables.go:44.3,44.20 1 6
github.com/jpedro/tables/tables.go:44.20,45.35 1 0
github.com/jpedro/tables/tables.go:45.35,47.5 1 0
github.com/jpedro/tables/tables.go:55.3,55.45 1 6
github.com/jpedro/tables/tables.go:58.2,58.13 1 3
